[08/05/2021 17:57:49][administrador][Acceso al sistema]
[08/05/2021 17:58:47][administrador][Acceso al sistema]
[08/05/2021 18:00:10][administrador][Acceso al sistema]
[08/05/2021 18:03:13][administrador][Acceso al sistema]
[08/05/2021 18:04:00][administrador][Acceso al sistema]
[08/05/2021 19:02:58][administrador][Acceso al sistema]
[08/05/2021 19:13:38][administrador][Acceso al sistema]
[08/05/2021 19:16:33][administrador][Acceso al sistema]
[08/05/2021 19:17:37][administrador][Acceso al sistema]
[08/05/2021 19:20:11][administrador][Acceso al sistema]
[08/05/2021 19:21:16][administrador][Acceso al sistema]
[08/05/2021 19:21:39][administrador][Acceso al sistema]
[08/05/2021 19:26:39][administrador][Acceso al sistema]
[08/05/2021 19:41:01][administrador][Acceso al sistema]
[08/05/2021 19:43:42][administrador][Acceso al sistema]
[08/05/2021 19:44:12][administrador][Acceso al sistema]
[08/05/2021 19:47:58][administrador][Acceso al sistema]
[08/05/2021 19:50:12][administrador][Acceso al sistema]
[08/05/2021 19:51:08][administrador][Acceso al sistema]
[08/05/2021 19:52:17][administrador][Acceso al sistema]
[08/05/2021 19:53:39][administrador][Acceso al sistema]
[08/05/2021 19:53:56][administrador][Acceso al sistema]
[08/05/2021 19:54:37][administrador][Acceso al sistema]
[08/05/2021 19:59:48][administrador][Acceso al sistema]
[08/05/2021 20:00:28][administrador][Acceso al sistema]
[08/05/2021 20:10:10][administrador][Acceso al sistema]
[08/05/2021 20:11:50][administrador][Acceso al sistema]
[08/05/2021 20:12:11][administrador][Acceso al sistema]
[08/05/2021 20:13:45][administrador][Acceso al sistema]
[08/05/2021 20:15:42][administrador][Acceso al sistema]
[08/05/2021 20:16:08][administrador][Acceso al sistema]
[08/05/2021 20:17:00][administrador][Acceso al sistema]
[08/05/2021 20:18:12][administrador][Acceso al sistema]
[08/05/2021 20:30:01][administrador][Acceso al sistema]
[08/05/2021 20:30:47][administrador][Acceso al sistema]
[08/05/2021 20:36:37][administrador][Acceso al sistema]
[08/05/2021 20:38:45][administrador][Acceso al sistema]
[08/05/2021 20:42:06][administrador][Acceso al sistema]
[08/05/2021 20:43:05][administrador][Acceso al sistema]
[08/05/2021 20:43:15][administrador][Acceso al sistema]
[08/05/2021 20:44:24][administrador][Acceso al sistema]
[08/05/2021 20:45:01][administrador][Acceso al sistema]
[08/05/2021 20:46:10][administrador][Acceso al sistema]
[08/05/2021 20:46:31][administrador][Acceso al sistema]
[08/05/2021 20:48:26][administrador][Acceso al sistema]
[08/05/2021 20:48:48][administrador][Acceso al sistema]
[08/05/2021 20:49:07][administrador][Acceso al sistema]
[08/05/2021 20:50:40][administrador][Acceso al sistema]
[08/05/2021 20:52:02][administrador][Acceso al sistema]
[08/05/2021 20:52:53][administrador][Acceso al sistema]
[08/05/2021 20:53:16][administrador][Acceso al sistema]
[08/05/2021 21:15:26][administrador][Acceso al sistema]
[08/05/2021 21:19:53][administrador][Acceso al sistema]
[08/05/2021 21:20:50][administrador][Acceso al sistema]
[08/05/2021 21:26:37][administrador][Acceso al sistema]
[08/05/2021 21:27:30][administrador][Acceso al sistema]
[08/05/2021 21:29:35][administrador][Acceso al sistema]
[08/05/2021 21:31:30][administrador][Acceso al sistema]
[09/05/2021 11:00:47][administrador][Acceso al sistema]
[09/05/2021 11:02:25][administrador][Acceso al sistema]
[09/05/2021 11:05:06][administrador][Acceso al sistema]
[09/05/2021 11:07:31][administrador][Acceso al sistema]
[09/05/2021 11:13:14][administrador][Acceso al sistema]
[09/05/2021 11:14:28][administrador][Acceso al sistema]
[09/05/2021 11:17:54][administrador][Acceso al sistema]
[09/05/2021 11:22:27][administrador][Acceso al sistema]
[09/05/2021 11:24:11][administrador][Acceso al sistema]
[09/05/2021 11:25:17][administrador][Acceso al sistema]
[09/05/2021 11:27:53][administrador][Acceso al sistema]
[09/05/2021 11:31:30][administrador][Acceso al sistema]
[09/05/2021 11:31:54][administrador][Acceso al sistema]
[09/05/2021 11:32:38][administrador][Acceso al sistema]
[09/05/2021 11:34:17][administrador][Acceso al sistema]
[09/05/2021 11:41:26][administrador][Acceso al sistema]
[09/05/2021 11:42:35][administrador][Acceso al sistema]
[09/05/2021 11:44:24][administrador][Acceso al sistema]
[09/05/2021 11:46:01][administrador][Acceso al sistema]
[09/05/2021 11:47:16][administrador][Acceso al sistema]
[09/05/2021 11:47:58][administrador][Acceso al sistema]
[09/05/2021 11:48:36][administrador][Acceso al sistema]
[09/05/2021 11:49:24][administrador][Acceso al sistema]
[09/05/2021 11:49:42][administrador][Acceso al sistema]
[09/05/2021 11:50:12][administrador][Acceso al sistema]
[09/05/2021 12:00:43][administrador][Acceso al sistema]
[09/05/2021 12:04:01][administrador][Acceso al sistema]
[09/05/2021 12:06:01][administrador][Acceso al sistema]
[09/05/2021 12:06:49][administrador][Acceso al sistema]
[09/05/2021 12:06:58][administrador][Acceso al sistema]
[09/05/2021 12:07:18][administrador][Acceso al sistema]
[09/05/2021 12:21:17][administrador][Acceso al sistema]
[09/05/2021 12:25:03][administrador][Acceso al sistema]
[09/05/2021 12:27:04][administrador][Acceso al sistema]
[09/05/2021 12:48:54][administrador][Acceso al sistema]
[09/05/2021 12:50:11][administrador][Acceso al sistema]
[09/05/2021 12:51:09][administrador][Acceso al sistema]
[09/05/2021 13:01:16][administrador][Acceso al sistema]
[09/05/2021 13:03:30][administrador][Acceso al sistema]
[09/05/2021 13:05:19][administrador][Acceso al sistema]
[09/05/2021 13:06:08][administrador][Acceso al sistema]
[09/05/2021 13:07:21][administrador][Acceso al sistema]
[09/05/2021 13:08:06][administrador][Acceso al sistema]
[09/05/2021 13:10:53][administrador][Acceso al sistema]
[09/05/2021 13:13:51][administrador][Acceso al sistema]
[09/05/2021 13:15:00][administrador][Acceso al sistema]
[09/05/2021 13:18:04][administrador][Acceso al sistema]
[09/05/2021 13:20:05][administrador][Acceso al sistema]
[09/05/2021 13:21:20][administrador][Acceso al sistema]
[09/05/2021 13:22:43][administrador][Acceso al sistema]
[09/05/2021 13:23:25][administrador][Acceso al sistema]
[09/05/2021 13:23:34][administrador][Acceso al sistema]
[09/05/2021 13:24:29][administrador][Acceso al sistema]
[09/05/2021 13:26:25][administrador][Acceso al sistema]
[09/05/2021 13:29:25][administrador][Acceso al sistema]
[09/05/2021 13:29:48][administrador][Acceso al sistema]
[09/05/2021 13:31:04][administrador][Acceso al sistema]
[09/05/2021 13:40:24][administrador][Acceso al sistema]
[09/05/2021 19:15:35][administrador][Acceso al sistema]
[09/05/2021 19:23:17][administrador][DELETE FROM asignaturas WHERE idAsignatura = 17]
[09/05/2021 19:26:05][administrador][UPDATE asignaturas SET nombreAsignatura = 'Biología' , turnoAsignatura = 'Mañana' , creditosAsignatura = '60' , idProfesorFK = '22' WHERE idAsignatura =16]
[09/05/2021 19:27:43][administrador][UPDATE matriculaciones SET idAlumnoFK = '94' , idAsignaturaFK = '16' WHERE idMatriculacion =24]
[09/05/2021 19:28:56][administrador][DELETE FROM Matriculaciones WHERE idMatriculacion = 24]
[09/05/2021 19:54:00][administrador][Acceso al sistema]
[09/05/2021 20:29:02][administrador][Acceso al sistema]
[09/05/2021 20:29:07][administrador][UPDATE asignaturas SET nombreAsignatura = 'Biología' , turnoAsignatura = 'Mañana' , creditosAsignatura = '60' , idProfesorFK = '22' WHERE idAsignatura =16]
[09/05/2021 20:30:37][administrador][Acceso al sistema]
[09/05/2021 20:33:42][administrador][Acceso al sistema]
[09/05/2021 20:33:47][administrador][UPDATE asignaturas SET nombreAsignatura = 'Biología' , turnoAsignatura = 'Mañana' , creditosAsignatura = '60' , idProfesorFK = '22' WHERE idAsignatura =16]
[09/05/2021 20:40:03][administrador][Acceso al sistema]
[09/05/2021 20:44:47][administrador][Acceso al sistema]
[09/05/2021 20:45:14][administrador][INSERT INTO matriculaciones VALUES (null, '95','20')]
[10/05/2021 10:41:24][administrador][Acceso al sistema]
[10/05/2021 10:42:12][administrador][INSERT INTO matriculaciones VALUES (null, '96','16')]
[10/05/2021 10:49:09][administrador][Acceso al sistema]
[10/05/2021 10:49:30][administrador][DELETE FROM Matriculaciones WHERE idMatriculacion = 29]
[10/05/2021 10:50:57][administrador][Acceso al sistema]
[10/05/2021 10:52:01][administrador][INSERT INTO asignaturas VALUES (null, 'Biología', 'tarde', '60', '22')]
[10/05/2021 10:52:57][administrador][Acceso al sistema]
[10/05/2021 10:54:05][administrador][INSERT INTO profesores VALUES (null, 'Julio', 'Martín', '856985475F', '956326845', 'Administrador Sistemas')]
[10/05/2021 10:54:59][administrador][INSERT INTO profesores VALUES (null, 'Peter', 'Parker', '12365478D', '963258741', 'Filólogo inglés')]
[10/05/2021 10:55:42][administrador][INSERT INTO asignaturas VALUES (null, 'Inglés', 'mañana', '35', '25')]
[10/05/2021 10:56:04][administrador][INSERT INTO asignaturas VALUES (null, 'prueba', 'prueba', '2', '22')]
[10/05/2021 10:57:02][administrador][DELETE FROM asignaturas WHERE idAsignatura = 16]
[10/05/2021 10:58:17][administrador][UPDATE profesores SET nombreProfesor = 'Alvaro' , apellidosProfesor = 'Núñez' , dniProfesor = '12345678F' , telefonoProfesor = '956321457' , especialidadProfesor = 'Biólogo' WHERE idProfesor =22]
[10/05/2021 10:59:54][administrador][Acceso al sistema]
[10/05/2021 11:00:22][administrador][INSERT INTO profesores VALUES (null, 'prueba', 'prueba', '12345678F', '45', 'prueba')]
[10/05/2021 11:01:17][administrador][Acceso al sistema]
[10/05/2021 11:02:06][administrador][DELETE FROM profesores WHERE idProfesor = 26]
[10/05/2021 11:03:05][administrador][Acceso al sistema]
[10/05/2021 11:04:25][administrador][Acceso al sistema]
[10/05/2021 11:04:59][administrador][INSERT INTO alumnos VALUES (null, 'prueba', 'prueba', '12345678F', '12')]
[10/05/2021 11:06:14][administrador][DELETE FROM alumnos WHERE idAlumno = 94]
[10/05/2021 11:07:07][administrador][UPDATE alumnos SET nombreAlumno = 'Isabel' , apellidosAlumno = 'Benítez' , dniAlumno = '12345678G' , telefonoAlumno = '654789321' WHERE idAlumno =95]
[10/05/2021 11:09:12][administrador][UPDATE alumnos SET nombreAlumno = 'Adrián' , apellidosAlumno = 'García' , dniAlumno = '12345678D' , telefonoAlumno = '956326587' WHERE idAlumno =96]
[10/05/2021 11:09:14][administrador][UPDATE alumnos SET nombreAlumno = 'Adrián' , apellidosAlumno = 'García' , dniAlumno = '12345678D' , telefonoAlumno = '956326587' WHERE idAlumno =96]
[10/05/2021 11:09:15][administrador][UPDATE alumnos SET nombreAlumno = 'Adrián' , apellidosAlumno = 'García' , dniAlumno = '12345678D' , telefonoAlumno = '956326587' WHERE idAlumno =96]
[10/05/2021 11:09:31][administrador][UPDATE alumnos SET nombreAlumno = 'Adrián' , apellidosAlumno = 'García' , dniAlumno = '12345678d' , telefonoAlumno = '956326587' WHERE idAlumno =96]
[10/05/2021 11:10:22][administrador][DELETE FROM alumnos WHERE idAlumno = 98]
[10/05/2021 11:10:44][administrador][UPDATE alumnos SET nombreAlumno = 'Adrián' , apellidosAlumno = 'García' , dniAlumno = '12345678D' , telefonoAlumno = '956326587' WHERE idAlumno =96]
[10/05/2021 11:10:45][administrador][UPDATE alumnos SET nombreAlumno = 'Adrián' , apellidosAlumno = 'García' , dniAlumno = '12345678D' , telefonoAlumno = '956326587' WHERE idAlumno =96]
[10/05/2021 11:11:38][administrador][Acceso al sistema]
[10/05/2021 11:11:46][administrador][UPDATE alumnos SET nombreAlumno = 'Isabel' , apellidosAlumno = 'Benítez' , dniAlumno = '12345678G' , telefonoAlumno = '654789322' WHERE idAlumno =95]
[10/05/2021 11:33:08][administrador][Acceso al sistema]
[10/05/2021 11:34:17][administrador][Acceso al sistema]
[10/05/2021 11:34:28][administrador][Acceso al sistema]
[10/05/2021 11:34:46][administrador][Acceso al sistema]
[10/05/2021 11:35:05][administrador][Acceso al sistema]
[10/05/2021 11:35:33][administrador][Acceso al sistema]
[10/05/2021 11:36:04][administrador][Acceso al sistema]
[10/05/2021 11:36:55][administrador][Acceso al sistema]
[10/05/2021 11:45:12][administrador][Acceso al sistema]
[10/05/2021 11:46:58][administrador][Acceso al sistema]
[10/05/2021 12:24:37][administrador][Acceso al sistema]
[10/05/2021 12:25:45][administrador][Acceso al sistema]
[10/05/2021 12:53:07][administrador][Acceso al sistema]
[10/05/2021 16:46:40][administrador][Acceso al sistema]
[10/05/2021 16:46:47][administrador][UPDATE matriculaciones SET idAlumnoFK = '95' , idAsignaturaFK = '16' WHERE idMatriculacion =30]
[10/05/2021 16:47:04][administrador][UPDATE asignaturas SET nombreAsignatura = 'Biología' , turnoAsignatura = 'Mañana' , creditosAsignatura = '60' , idProfesorFK = '22' WHERE idAsignatura =16]
[10/05/2021 16:47:18][administrador][UPDATE asignaturas SET nombreAsignatura = 'Biología' , turnoAsignatura = 'Mañana' , creditosAsignatura = '60' , idProfesorFK = '22' WHERE idAsignatura =16]
[10/05/2021 16:47:24][administrador][UPDATE profesores SET nombreProfesor = 'Alvaro' , apellidosProfesor = 'Núñez' , dniProfesor = '12345678F' , telefonoProfesor = '956321457' , especialidadProfesor = 'Biólogo' WHERE idProfesor =22]
[10/05/2021 16:47:37][administrador][UPDATE alumnos SET nombreAlumno = 'Isabel' , apellidosAlumno = 'Benítez' , dniAlumno = '12345678G' , telefonoAlumno = '654789322' WHERE idAlumno =95]
[12/05/2021 01:22:05][administrador][Acceso al sistema]
[12/05/2021 01:22:34][administrador][UPDATE alumnos SET nombreAlumno = 'Adrián' , apellidosAlumno = 'Garcíaa' , dniAlumno = '12345678D' , telefonoAlumno = '956326587' WHERE idAlumno =96]
[12/05/2021 01:23:46][administrador][Acceso al sistema]
[12/05/2021 01:23:58][administrador][INSERT INTO alumnos VALUES (null, 'e', 'e', '12345678D', '7')]
[12/05/2021 01:24:34][administrador][Acceso al sistema]
[12/05/2021 01:24:40][administrador][DELETE FROM alumnos WHERE idAlumno = 99]
